<?xml version="1.0" encoding="UTF-8"?>
<!-- Generated by org.testng.reporters.JUnitXMLReporter -->
<testsuite ignored="0" hostname="LAPTOP-MC747HQ9" failures="0" tests="6" name="Default test" time="8.432" errors="0" timestamp="2021-07-04T20:11:41 IST">
  <testcase classname="backbaseQA.crudArticle" name="handleAlert" time="3.721"/>
  <testcase classname="backbaseQA.crudArticle" name="loginConduit" time="0.381"/>
  <testcase classname="backbaseQA.crudArticle" name="createNewArticle" time="1.165"/>
  <testcase classname="backbaseQA.crudArticle" name="readArticle" time="0.99"/>
  <testcase classname="backbaseQA.crudArticle" name="updateArticle" time="0.613"/>
  <testcase classname="backbaseQA.crudArticle" name="deleteArticle" time="1.509"/>
</testsuite> <!-- Default test -->
