<?xml version="1.0" encoding="UTF-8"?>
<!-- Generated by org.testng.reporters.JUnitXMLReporter -->
<testsuite hostname="PC" ignored="0" name="Test" tests="6" failures="0" timestamp="2021-07-06T00:15:52 EDT" time="10.319" errors="0">
  <testcase name="handleAlert" time="5.572" classname="backbaseQA.crudArticle"/>
  <testcase name="loginConduit" time="0.371" classname="backbaseQA.crudArticle"/>
  <testcase name="createNewArticle" time="1.276" classname="backbaseQA.crudArticle"/>
  <testcase name="readArticle" time="0.954" classname="backbaseQA.crudArticle"/>
  <testcase name="updateArticle" time="0.538" classname="backbaseQA.crudArticle"/>
  <testcase name="deleteArticle" time="1.562" classname="backbaseQA.crudArticle"/>
</testsuite> <!-- Test -->
