<?xml version="1.0" encoding="UTF-8"?>
<testng-results skipped="0" failed="0" ignored="0" total="6" passed="6">
  <reporter-output>
  </reporter-output>
  <suite name="Suite" duration-ms="10319" started-at="2021-07-06T00:15:41 EDT" finished-at="2021-07-06T00:15:52 EDT">
    <groups>
    </groups>
    <test name="Test" duration-ms="10319" started-at="2021-07-06T00:15:41 EDT" finished-at="2021-07-06T00:15:52 EDT">
      <class name="backbaseQA.crudArticle">
        <test-method status="PASS" signature="handleAlert()[pri:1, instance:backbaseQA.crudArticle@48503868]" name="handleAlert" duration-ms="5572" started-at="2021-07-06T00:15:41 EDT" description="Login into alert popup to access BBlog URL" finished-at="2021-07-06T00:15:47 EDT">
          <reporter-output>
          </reporter-output>
        </test-method> <!-- handleAlert -->
        <test-method status="PASS" signature="loginConduit()[pri:2, instance:backbaseQA.crudArticle@48503868]" name="loginConduit" duration-ms="371" started-at="2021-07-06T00:15:47 EDT" description="Login to conduit" finished-at="2021-07-06T00:15:47 EDT">
          <reporter-output>
          </reporter-output>
        </test-method> <!-- loginConduit -->
        <test-method status="PASS" signature="createNewArticle()[pri:3, instance:backbaseQA.crudArticle@48503868]" name="createNewArticle" duration-ms="1276" started-at="2021-07-06T00:15:47 EDT" description="Create New Article" finished-at="2021-07-06T00:15:49 EDT">
          <reporter-output>
          </reporter-output>
        </test-method> <!-- createNewArticle -->
        <test-method status="PASS" signature="readArticle()[pri:4, instance:backbaseQA.crudArticle@48503868]" name="readArticle" duration-ms="954" started-at="2021-07-06T00:15:49 EDT" description="Read Article" finished-at="2021-07-06T00:15:50 EDT">
          <reporter-output>
          </reporter-output>
        </test-method> <!-- readArticle -->
        <test-method status="PASS" signature="updateArticle()[pri:5, instance:backbaseQA.crudArticle@48503868]" name="updateArticle" duration-ms="538" started-at="2021-07-06T00:15:50 EDT" description="Update Article" finished-at="2021-07-06T00:15:50 EDT">
          <reporter-output>
          </reporter-output>
        </test-method> <!-- updateArticle -->
        <test-method status="PASS" signature="deleteArticle()[pri:6, instance:backbaseQA.crudArticle@48503868]" name="deleteArticle" duration-ms="1562" started-at="2021-07-06T00:15:50 EDT" description="Delete Article" finished-at="2021-07-06T00:15:52 EDT">
          <reporter-output>
          </reporter-output>
        </test-method> <!-- deleteArticle -->
      </class> <!-- backbaseQA.crudArticle -->
    </test> <!-- Test -->
  </suite> <!-- Suite -->
</testng-results>
