<?xml version="1.0" encoding="UTF-8"?>
<!-- Generated by org.testng.reporters.JUnitXMLReporter -->
<testsuite ignored="0" hostname="LAPTOP-MC747HQ9" failures="0" tests="6" name="Default test" time="8.073" errors="0" timestamp="2021-07-05T23:50:23 IST">
  <testcase classname="backbaseQA.crudArticle" name="handleAlert" time="3.569"/>
  <testcase classname="backbaseQA.crudArticle" name="loginConduit" time="0.343"/>
  <testcase classname="backbaseQA.crudArticle" name="createNewArticle" time="1.147"/>
  <testcase classname="backbaseQA.crudArticle" name="readArticle" time="0.913"/>
  <testcase classname="backbaseQA.crudArticle" name="updateArticle" time="0.569"/>
  <testcase classname="backbaseQA.crudArticle" name="deleteArticle" time="1.489"/>
</testsuite> <!-- Default test -->
